<?xml version="1.0" encoding="UTF-8"?>
<testng-results ignored="0" total="1" passed="1" failed="0" skipped="0">
  <reporter-output>
  </reporter-output>
  <suite started-at="2025-04-19T00:23:38 IST" name="Suite" finished-at="2025-04-19T00:23:56 IST" duration-ms="18832">
    <groups>
    </groups>
    <test started-at="2025-04-19T00:23:38 IST" name="Test" finished-at="2025-04-19T00:23:56 IST" duration-ms="18832">
      <class name="mavenforjenkins.UITest">
        <test-method signature="startBrowser(java.lang.String)[pri:0, instance:mavenforjenkins.UITest@6193932a]" started-at="2025-04-19T00:23:38 IST" name="startBrowser" finished-at="2025-04-19T00:23:56 IST" duration-ms="18738" status="PASS">
          <params>
            <param index="0">
              <value>
                <![CDATA[Chrome]]>
              </value>
            </param>
          </params>
          <reporter-output>
          </reporter-output>
        </test-method> <!-- startBrowser -->
      </class> <!-- mavenforjenkins.UITest -->
    </test> <!-- Test -->
  </suite> <!-- Suite -->
</testng-results>
