<?xml version="1.0" encoding="UTF-8"?>
<testng-results ignored="0" total="1" passed="1" failed="0" skipped="0">
  <reporter-output>
  </reporter-output>
  <suite started-at="2025-04-18T16:19:35 IST" name="Default suite" finished-at="2025-04-18T16:19:46 IST" duration-ms="11274">
    <groups>
    </groups>
    <test started-at="2025-04-18T16:19:35 IST" name="Default test" finished-at="2025-04-18T16:19:46 IST" duration-ms="11274">
      <class name="mavenforjenkins.UITest">
        <test-method signature="startBrowser()[pri:0, instance:mavenforjenkins.UITest@7c7b252e]" started-at="2025-04-18T16:19:35 IST" name="startBrowser" finished-at="2025-04-18T16:19:46 IST" duration-ms="11204" status="PASS">
          <reporter-output>
          </reporter-output>
        </test-method> <!-- startBrowser -->
      </class> <!-- mavenforjenkins.UITest -->
    </test> <!-- Default test -->
  </suite> <!-- Default suite -->
</testng-results>
